2025-07-09 20:41:31,568[root] - INFO - 日志系统已初始化，日志文件: /home/tahmaz/py-xiaozhi/logs/app.log - MainThread
2025-07-09 20:41:33,596[src.utils.config_manager] - INFO - MQTT服务器信息已更新 - MainThread
2025-07-09 20:41:33,597[src.utils.config_manager] - INFO - MQTT信息已成功更新 - MainThread
2025-07-09 20:41:33,598[src.utils.config_manager] - INFO - 检测到WebSocket配置信息 - MainThread
2025-07-09 20:41:33,599[src.utils.config_manager] - INFO - WebSocket URL已更新: wss://api.tenclass.net/xiaozhi/v1/ - MainThread
2025-07-09 20:41:33,600[src.utils.config_manager] - INFO - WebSocket Token已更新 - MainThread
2025-07-09 20:41:34,600[src.utils.device_activator] - INFO - 设备身份信息: 序列号: SN-F0088FE6-204ef6865a4f, 激活状态: 未激活 - MainThread
2025-07-09 20:41:34,600[src.utils.config_manager] - INFO - OTA请求使用激活版本: 2 (配置值: v2) - MainThread
2025-07-09 20:41:34,601[__main__] - INFO - Application started, press Ctrl+C to exit - MainThread
2025-07-09 20:41:34,601[src.application] - INFO - Starting application with parameters: {'mode': 'gui', 'protocol': 'websocket'} - MainThread
2025-07-09 20:41:34,601[src.application] - INFO - Main loop started - Thread-1 (_main_loop)
2025-07-09 20:41:34,702[src.application] - INFO - Initializing application components... - Thread-2 (_run_event_loop)
2025-07-09 20:41:34,986[src.audio_codecs.audio_codec] - INFO - Audio device and codec initialized successfully - Thread-2 (_run_event_loop)
2025-07-09 20:41:34,986[src.application] - INFO - Audio codec initialized successfully - Thread-2 (_run_event_loop)
2025-07-09 20:41:34,986[src.application] - INFO - System volume control is not enabled, using simulated volume control - Thread-2 (_run_event_loop)
2025-07-09 20:41:34,987[src.application] - INFO - Wake word functionality is disabled in configuration, skipping initialization - Thread-2 (_run_event_loop)
2025-07-09 20:41:34,988[src.application] - INFO - Application components initialization completed - Thread-2 (_run_event_loop)
2025-07-09 20:41:35,208[src.iot.things.music_player] - INFO - 音乐播放器初始化完成 - MainThread
2025-07-09 20:41:35,233[src.application] - INFO - Added countdown timer device for timed command execution - MainThread
2025-07-09 20:41:35,233[src.application] - INFO - IoT devices initialization completed - MainThread
2025-07-09 20:41:35,234[GuiDisplay] - INFO - Volume controller initialized successfully - MainThread
2025-07-09 20:41:35,240[GuiDisplay] - INFO - Read system volume: 71% - MainThread
2025-07-09 20:41:35,311[Display] - INFO - Added shortcut hint label - MainThread
2025-07-09 20:41:35,312[Display] - INFO - Using second page of stackedWidget as iot_card: <PyQt5.QtWidgets.QWidget object at 0x74a12936f400> - MainThread
2025-07-09 20:41:35,322[Display] - INFO - System tray icon initialized - MainThread
2025-07-09 20:41:35,323[Display] - INFO - Keyboard listener initialized successfully - MainThread
2025-07-09 20:41:35,325[Display] - INFO - Starting GUI main loop - MainThread
2025-07-09 20:41:35,397[__main__] - INFO - Starting Qt event loop - MainThread
2025-07-09 20:41:35,397[Display] - INFO - Setting emotion GIF: /home/tahmaz/py-xiaozhi/assets/emojis/neutral.gif - MainThread
2025-07-09 20:41:35,398[Display] - INFO - Loading GIF file: /home/tahmaz/py-xiaozhi/assets/emojis/neutral.gif - MainThread
2025-07-09 20:42:51,103[__main__] - INFO - Received interrupt signal, shutting down... - MainThread
2025-07-09 20:42:51,103[src.application] - INFO - Shutting down application... - MainThread
2025-07-09 20:42:51,103[src.audio_codecs.audio_codec] - INFO - Starting to close audio codec... - MainThread
2025-07-09 20:42:51,108[src.audio_codecs.audio_codec] - INFO - Audio resources fully released - MainThread
2025-07-09 20:42:51,109[src.application] - INFO - Application shut down - MainThread
2025-07-09 20:42:53,235[root] - INFO - 日志系统已初始化，日志文件: /home/tahmaz/py-xiaozhi/logs/app.log - MainThread
2025-07-09 20:42:54,422[src.utils.config_manager] - INFO - MQTT服务器信息已更新 - MainThread
2025-07-09 20:42:54,423[src.utils.config_manager] - INFO - MQTT信息已成功更新 - MainThread
2025-07-09 20:42:54,423[src.utils.config_manager] - INFO - 检测到WebSocket配置信息 - MainThread
2025-07-09 20:42:54,425[src.utils.config_manager] - INFO - WebSocket URL已更新: wss://api.tenclass.net/xiaozhi/v1/ - MainThread
2025-07-09 20:42:54,426[src.utils.config_manager] - INFO - WebSocket Token已更新 - MainThread
2025-07-09 20:42:55,426[src.utils.device_activator] - INFO - 设备身份信息: 序列号: SN-F0088FE6-204ef6865a4f, 激活状态: 未激活 - MainThread
2025-07-09 20:42:55,427[src.utils.config_manager] - INFO - OTA请求使用激活版本: 2 (配置值: v2) - MainThread
2025-07-09 20:42:55,428[__main__] - INFO - Application started, press Ctrl+C to exit - MainThread
2025-07-09 20:42:55,428[src.application] - INFO - Starting application with parameters: {'mode': 'gui', 'protocol': 'websocket'} - MainThread
2025-07-09 20:42:55,429[src.application] - INFO - Main loop started - Thread-1 (_main_loop)
2025-07-09 20:42:55,532[src.application] - INFO - Initializing application components... - Thread-2 (_run_event_loop)
2025-07-09 20:42:55,749[src.audio_codecs.audio_codec] - INFO - Audio device and codec initialized successfully - Thread-2 (_run_event_loop)
2025-07-09 20:42:55,749[src.application] - INFO - Audio codec initialized successfully - Thread-2 (_run_event_loop)
2025-07-09 20:42:55,750[src.application] - INFO - System volume control is not enabled, using simulated volume control - Thread-2 (_run_event_loop)
2025-07-09 20:42:55,750[src.application] - INFO - Wake word functionality is disabled in configuration, skipping initialization - Thread-2 (_run_event_loop)
2025-07-09 20:42:55,750[src.application] - INFO - Application components initialization completed - Thread-2 (_run_event_loop)
2025-07-09 20:42:56,038[src.iot.things.music_player] - INFO - 音乐播放器初始化完成 - MainThread
2025-07-09 20:42:56,062[src.application] - INFO - Added countdown timer device for timed command execution - MainThread
2025-07-09 20:42:56,062[src.application] - INFO - IoT devices initialization completed - MainThread
2025-07-09 20:42:56,062[GuiDisplay] - INFO - Volume controller initialized successfully - MainThread
2025-07-09 20:42:56,068[GuiDisplay] - INFO - Read system volume: 71% - MainThread
2025-07-09 20:42:56,139[Display] - INFO - Added shortcut hint label - MainThread
2025-07-09 20:42:56,140[Display] - INFO - Using second page of stackedWidget as iot_card: <PyQt5.QtWidgets.QWidget object at 0x77404b383400> - MainThread
2025-07-09 20:42:56,150[Display] - INFO - System tray icon initialized - MainThread
2025-07-09 20:42:56,151[Display] - INFO - Keyboard listener initialized successfully - MainThread
2025-07-09 20:42:56,152[Display] - INFO - Starting GUI main loop - MainThread
2025-07-09 20:42:56,220[__main__] - INFO - Starting Qt event loop - MainThread
2025-07-09 20:42:56,221[Display] - INFO - Setting emotion GIF: /home/tahmaz/py-xiaozhi/assets/emojis/neutral.gif - MainThread
2025-07-09 20:42:56,221[Display] - INFO - Loading GIF file: /home/tahmaz/py-xiaozhi/assets/emojis/neutral.gif - MainThread
2025-07-09 20:43:00,664[src.application] - INFO - Conversation mode switched to: Auto - MainThread
2025-07-09 20:43:04,341[src.application] - INFO - Audio channel opened - Thread-2 (_run_event_loop)
2025-07-09 20:43:04,343[src.application] - INFO - IoT device states updated (full) - Thread-2 (_run_event_loop)
2025-07-09 20:43:04,344[src.protocols.websocket_protocol] - INFO - 成功处理服务器 hello 消息 - Thread-2 (_run_event_loop)
2025-07-09 20:43:04,348[src.protocols.websocket_protocol] - INFO - 已连接到WebSocket服务器 - Thread-2 (_run_event_loop)
2025-07-09 20:43:04,397[src.application] - INFO - Input event trigger thread started - Thread-1 (_main_loop)
2025-07-09 20:43:04,398[src.application] - INFO - Output event trigger thread started - Thread-1 (_main_loop)
2025-07-09 20:43:04,398[src.application] - INFO - Audio streams started - Thread-1 (_main_loop)
2025-07-09 20:43:04,408[src.application] - INFO - IoT device states updated (incremental) - Thread-1 (_main_loop)
2025-07-09 20:43:11,782[src.application] - INFO - >> Merhaba. - Thread-2 (_run_event_loop)
2025-07-09 20:43:11,930[Display] - INFO - Setting emotion GIF: /home/tahmaz/py-xiaozhi/assets/emojis/happy.gif - MainThread
2025-07-09 20:43:12,123[Display] - INFO - Loading GIF file: /home/tahmaz/py-xiaozhi/assets/emojis/happy.gif - MainThread
2025-07-09 20:43:12,327[src.application] - INFO - << Merhaba! Nasılsın bugün? - Thread-2 (_run_event_loop)
2025-07-09 20:43:14,533[src.audio_codecs.audio_codec] - INFO - Audio input stream reinitialized successfully - Thread-1 (_main_loop)
2025-07-09 20:43:15,238[Display] - INFO - Setting emotion GIF: /home/tahmaz/py-xiaozhi/assets/emojis/neutral.gif - MainThread
2025-07-09 20:43:18,815[src.application] - INFO - >> Ters müşemel. - Thread-2 (_run_event_loop)
2025-07-09 20:43:18,914[Display] - INFO - Setting emotion GIF: /home/tahmaz/py-xiaozhi/assets/emojis/thinking.gif - MainThread
2025-07-09 20:43:19,108[Display] - INFO - Loading GIF file: /home/tahmaz/py-xiaozhi/assets/emojis/thinking.gif - MainThread
2025-07-09 20:43:19,274[src.application] - INFO - << Anladım, bugün biraz kötü hissediyorsun. - Thread-2 (_run_event_loop)
2025-07-09 20:43:21,747[src.application] - INFO - << Ne yaparak iyileşmeye çalışabilirsin? Belki biraz dinlenmek veya sevdiğin bir şey yapmak yardımcı olabilir. - Thread-2 (_run_event_loop)
2025-07-09 20:43:28,984[src.audio_codecs.audio_codec] - INFO - Audio input stream reinitialized successfully - Thread-1 (_main_loop)
2025-07-09 20:43:29,506[Display] - INFO - Setting emotion GIF: /home/tahmaz/py-xiaozhi/assets/emojis/neutral.gif - MainThread
2025-07-09 20:43:33,328[src.application] - INFO - >> Yok orta şiştiyonlardı bana - Thread-2 (_run_event_loop)
2025-07-09 20:43:33,375[Display] - INFO - Setting emotion GIF: /home/tahmaz/py-xiaozhi/assets/emojis/sad.gif - MainThread
2025-07-09 20:43:33,568[Display] - INFO - Loading GIF file: /home/tahmaz/py-xiaozhi/assets/emojis/sad.gif - MainThread
2025-07-09 20:43:33,744[src.application] - INFO - << Anladım, - Thread-2 (_run_event_loop)
2025-07-09 20:43:34,346[src.application] - INFO - << orta şiştiyonların seni rahatsız ettiği için üzgünüm. Belki biraz rahatlama teknikleri deneyebilirsin, - Thread-2 (_run_event_loop)
2025-07-09 20:43:43,827[src.application] - INFO - << ya da biraz yürüyüş yapmayı deneyebilirsin. Ne dersin? - Thread-2 (_run_event_loop)
2025-07-09 20:43:44,470[src.audio_codecs.audio_codec] - INFO - Audio input stream reinitialized successfully - Thread-1 (_main_loop)
2025-07-09 20:43:48,343[Display] - INFO - Setting emotion GIF: /home/tahmaz/py-xiaozhi/assets/emojis/neutral.gif - MainThread
2025-07-09 20:43:58,737[src.application] - INFO - >> Şarkı çalabilir miyim? - Thread-2 (_run_event_loop)
2025-07-09 20:43:58,761[src.audio_codecs.audio_codec] - INFO - Cleared audio queue, discarded 78 audio frames - Thread-1 (_main_loop)
2025-07-09 20:44:00,058[src.application] - INFO - << % search_music... - Thread-2 (_run_event_loop)
2025-07-09 20:44:00,058[src.application] - INFO - << % play_music... - Thread-2 (_run_event_loop)
2025-07-09 20:44:00,058[src.application] - INFO - << 《好天气》 - Thread-2 (_run_event_loop)
2025-07-09 20:44:00,059[src.application] - INFO - << 作词 : FatdogBoom - Thread-2 (_run_event_loop)
2025-07-09 20:44:00,063[src.audio_codecs.audio_codec] - INFO - Cleared audio queue, discarded 5 audio frames - Thread-1 (_main_loop)
2025-07-09 20:44:00,292[src.application] - INFO - << 作曲 : FatdogBoom - Thread-2 (_run_event_loop)
2025-07-09 20:44:01,280[src.application] - INFO - << 编曲 : FatdogBoom - Thread-2 (_run_event_loop)
2025-07-09 20:44:08,239[src.application] - INFO - << 今天是个好天气 外面刮风又下雨 - Thread-2 (_run_event_loop)
2025-07-09 20:44:13,283[src.application] - INFO - << 我在学着卓别林 为你撑伞你发脾气 - Thread-2 (_run_event_loop)
2025-07-09 20:44:18,200[src.application] - INFO - << 可是只要看见你 我的手里就没武器 - Thread-2 (_run_event_loop)
2025-07-09 20:44:23,241[src.application] - INFO - << 你要去哪里 我 我 我就去哪里 - Thread-2 (_run_event_loop)
2025-07-09 20:44:28,218[src.application] - INFO - << 每天都是你 梦里都会见到你 - Thread-2 (_run_event_loop)
2025-07-09 20:44:33,226[src.application] - INFO - << 有你就是好天气 不管刮风又下雨 - Thread-2 (_run_event_loop)
2025-07-09 20:44:44,544[src.application] - INFO - Aborting speech output, reason: none - Thread-1 (_main_loop)
2025-07-09 20:44:44,545[src.audio_codecs.audio_codec] - INFO - Cleared audio queue, discarded 10 audio frames - Thread-1 (_main_loop)
2025-07-09 20:44:48,176[src.application] - INFO - >> Altyazı M.K. - Thread-2 (_run_event_loop)
2025-07-09 20:44:48,587[Display] - INFO - Setting emotion GIF: /home/tahmaz/py-xiaozhi/assets/emojis/sad.gif - MainThread
2025-07-09 20:44:48,891[src.application] - INFO - << Şarkı sözleri şu an çekemedim. - Thread-2 (_run_event_loop)
2025-07-09 20:44:50,631[src.application] - INFO - << Belki daha sonra tekrar deneyebiliriz. Şarkı seni rahatlattı mı? - Thread-2 (_run_event_loop)
2025-07-09 20:44:55,119[src.audio_codecs.audio_codec] - INFO - Audio input stream reinitialized successfully - Thread-1 (_main_loop)
2025-07-09 20:44:55,679[Display] - INFO - Setting emotion GIF: /home/tahmaz/py-xiaozhi/assets/emojis/neutral.gif - MainThread
2025-07-09 20:45:02,292[src.application] - INFO - >> Evet şarkı güzeldi ama Fadet istiyorum ben. - Thread-2 (_run_event_loop)
2025-07-09 20:45:02,508[src.application] - INFO - << % search_music... - Thread-2 (_run_event_loop)
2025-07-09 20:45:02,946[src.application] - INFO - << % play_music... - Thread-2 (_run_event_loop)
2025-07-09 20:45:03,226[src.application] - INFO - << 《潮汐冥想》 - Thread-2 (_run_event_loop)
2025-07-09 20:45:07,994[src.application] - INFO - Aborting speech output, reason: none - Thread-1 (_main_loop)
2025-07-09 20:45:07,995[src.audio_codecs.audio_codec] - INFO - Cleared audio queue, discarded 3 audio frames - Thread-1 (_main_loop)
2025-07-09 20:45:15,043[src.application] - INFO - >> Fedef şarkısını çalabilir misin? - Thread-2 (_run_event_loop)
2025-07-09 20:45:15,310[src.application] - INFO - << % search_music... - Thread-2 (_run_event_loop)
2025-07-09 20:45:15,921[src.application] - INFO - << Üzgünüm, - Thread-2 (_run_event_loop)
2025-07-09 20:45:16,491[src.application] - INFO - << \"Fedef\" adında bir şarkı bulamadım. Belki farklı bir kelime veya sanatçı adı deneyebilirsin. - Thread-2 (_run_event_loop)
2025-07-09 20:45:22,067[src.application] - INFO - << Başka bir şey istersin mi? - Thread-2 (_run_event_loop)
2025-07-09 20:45:24,161[src.audio_codecs.audio_codec] - INFO - Audio input stream reinitialized successfully - Thread-1 (_main_loop)
2025-07-09 20:45:31,558[src.application] - INFO - >> Fadet isminle şarkı çalabilir misin? - Thread-2 (_run_event_loop)
2025-07-09 20:45:31,796[src.application] - INFO - << % search_music... - Thread-2 (_run_event_loop)
2025-07-09 20:45:32,206[src.application] - INFO - << % play_music... - Thread-2 (_run_event_loop)
2025-07-09 20:45:32,513[src.application] - INFO - << 《潮汐冥想》 - Thread-2 (_run_event_loop)
2025-07-09 20:45:47,636[src.application] - INFO - Aborting speech output, reason: none - Thread-1 (_main_loop)
2025-07-09 20:45:47,637[src.audio_codecs.audio_codec] - INFO - Cleared audio queue, discarded 2 audio frames - Thread-1 (_main_loop)
2025-07-09 20:45:58,314[src.application] - INFO - >> faded - Thread-2 (_run_event_loop)
2025-07-09 20:45:58,315[src.audio_codecs.audio_codec] - INFO - Cleared audio queue, discarded 1 audio frames - Thread-1 (_main_loop)
2025-07-09 20:45:58,626[src.application] - INFO - << % search_music... - Thread-2 (_run_event_loop)
2025-07-09 20:45:58,932[src.application] - INFO - << % play_music... - Thread-2 (_run_event_loop)
2025-07-09 20:45:59,239[src.application] - INFO - << 《潮汐冥想》 - Thread-2 (_run_event_loop)
2025-07-09 20:46:16,507[src.application] - INFO - >> faded - Thread-2 (_run_event_loop)
2025-07-09 20:46:25,459[src.application] - INFO - Aborting speech output, reason: none - Thread-1 (_main_loop)
2025-07-09 20:46:25,460[src.audio_codecs.audio_codec] - INFO - Cleared audio queue, discarded 2 audio frames - Thread-1 (_main_loop)
2025-07-09 20:46:25,943[src.application] - INFO - << % search_music... - Thread-2 (_run_event_loop)
2025-07-09 20:46:26,396[src.application] - INFO - << Üzgünüm, - Thread-2 (_run_event_loop)
2025-07-09 20:46:26,989[src.application] - INFO - << \"Faded\" adında bir şarkı bulamadım. Belki farklı bir kelime veya sanatçı adı deneyebilirsin. - Thread-2 (_run_event_loop)
2025-07-09 20:46:33,340[src.application] - INFO - << Başka birşey istersin mi? - Thread-2 (_run_event_loop)
2025-07-09 20:46:35,282[src.audio_codecs.audio_codec] - INFO - Audio input stream reinitialized successfully - Thread-1 (_main_loop)
2025-07-09 20:46:35,803[src.application] - INFO - Aborting speech output, reason: none - Thread-1 (_main_loop)
2025-07-09 20:46:47,073[src.application] - INFO - >> faded - Thread-2 (_run_event_loop)
2025-07-09 20:46:47,260[src.application] - INFO - << % search_music... - Thread-2 (_run_event_loop)
2025-07-09 20:46:48,045[src.application] - INFO - << Üzgünüm, - Thread-2 (_run_event_loop)
2025-07-09 20:46:48,647[src.application] - INFO - << \"Faded\" adında bir şarkı bulamadım. Belki farklı bir kelime veya sanatçı adı deneyebilirsin. - Thread-2 (_run_event_loop)
2025-07-09 20:46:54,535[src.application] - INFO - << Başka birşey istersin mi? - Thread-2 (_run_event_loop)
2025-07-09 20:46:56,437[src.audio_codecs.audio_codec] - INFO - Audio input stream reinitialized successfully - Thread-1 (_main_loop)
2025-07-09 20:47:02,903[src.application] - INFO - >> Evet, seviyordu. - Thread-2 (_run_event_loop)
2025-07-09 20:47:03,044[Display] - INFO - Setting emotion GIF: /home/tahmaz/py-xiaozhi/assets/emojis/happy.gif - MainThread
2025-07-09 20:47:03,444[src.application] - INFO - << Anladım, - Thread-2 (_run_event_loop)
2025-07-09 20:47:04,115[src.application] - INFO - << \"Faded\" şarkısını bulamadığımı söyledim. Başka bir şarkı istersin mi? - Thread-2 (_run_event_loop)
2025-07-09 20:47:08,331[src.application] - INFO - << Belki başka bir kelime veya sanatçı adı ile deneyebiliriz. - Thread-2 (_run_event_loop)
2025-07-09 20:47:12,033[src.audio_codecs.audio_codec] - INFO - Audio input stream reinitialized successfully - Thread-1 (_main_loop)
2025-07-09 20:47:12,556[Display] - INFO - Setting emotion GIF: /home/tahmaz/py-xiaozhi/assets/emojis/neutral.gif - MainThread
2025-07-09 20:47:15,144[src.application] - INFO - >> Hoşçakalın hoşçakalın - Thread-2 (_run_event_loop)
2025-07-09 20:47:15,247[Display] - INFO - Setting emotion GIF: /home/tahmaz/py-xiaozhi/assets/emojis/happy.gif - MainThread
2025-07-09 20:47:15,636[src.application] - INFO - << Hoşça kal! - Thread-2 (_run_event_loop)
2025-07-09 20:47:16,244[src.application] - INFO - << Her zaman burada yardımcı olmaktan memnuniyet duyarım. Yeniden görüşmek üzere! - Thread-2 (_run_event_loop)
2025-07-09 20:47:21,815[src.audio_codecs.audio_codec] - INFO - Audio input stream reinitialized successfully - Thread-1 (_main_loop)
2025-07-09 20:47:22,326[src.protocols.websocket_protocol] - ERROR - 发送文本消息失败: received 1005 (no status code [internal]); then sent 1005 (no status code [internal]) - Thread-2 (_run_event_loop)
2025-07-09 20:47:22,326[src.application] - INFO - Audio channel closed - Thread-2 (_run_event_loop)
2025-07-09 20:47:22,327[src.application] - ERROR - 客户端已关闭 - Thread-2 (_run_event_loop)
2025-07-09 20:47:22,327[src.application] - INFO - Connection disconnection detected - Thread-2 (_run_event_loop)
2025-07-09 20:47:22,336[Display] - INFO - Setting emotion GIF: /home/tahmaz/py-xiaozhi/assets/emojis/neutral.gif - MainThread
2025-07-09 20:47:28,121[src.application] - INFO - Audio channel opened - Thread-2 (_run_event_loop)
2025-07-09 20:47:28,122[src.application] - INFO - IoT device states updated (full) - Thread-2 (_run_event_loop)
2025-07-09 20:47:28,122[src.protocols.websocket_protocol] - INFO - 成功处理服务器 hello 消息 - Thread-2 (_run_event_loop)
2025-07-09 20:47:28,122[src.protocols.websocket_protocol] - INFO - 已连接到WebSocket服务器 - Thread-2 (_run_event_loop)
2025-07-09 20:47:28,127[src.application] - INFO - Audio streams started - Thread-1 (_main_loop)
2025-07-09 20:47:28,127[src.application] - INFO - IoT device states updated (incremental) - Thread-1 (_main_loop)
2025-07-09 20:47:29,248[src.application] - INFO - >> İngilt! - Thread-2 (_run_event_loop)
2025-07-09 20:47:29,356[Display] - INFO - Setting emotion GIF: /home/tahmaz/py-xiaozhi/assets/emojis/happy.gif - MainThread
2025-07-09 20:47:29,675[src.application] - INFO - << Merhaba! Size nasıl yardımcı olabilirim? - Thread-2 (_run_event_loop)
2025-07-09 20:47:32,291[src.audio_codecs.audio_codec] - INFO - Audio input stream reinitialized successfully - Thread-1 (_main_loop)
2025-07-09 20:47:32,860[Display] - INFO - Setting emotion GIF: /home/tahmaz/py-xiaozhi/assets/emojis/neutral.gif - MainThread
2025-07-09 20:47:41,313[src.application] - INFO - >> Fadet ismindeki şarkıyı söyler misin? - Thread-2 (_run_event_loop)
2025-07-09 20:47:41,491[src.application] - INFO - << % search_music... - Thread-2 (_run_event_loop)
2025-07-09 20:47:41,697[Display] - INFO - Setting emotion GIF: /home/tahmaz/py-xiaozhi/assets/emojis/thinking.gif - MainThread
2025-07-09 20:47:42,041[src.application] - INFO - << Şarkı adı tam olarak ne? - Thread-2 (_run_event_loop)
2025-07-09 20:47:43,814[src.application] - INFO - << Verdiğim sonuçlarda \"Fadet\" kelimesiyle eşleşen bir şarkı bulamadım. Belki başka bir kelime arayabilirim. - Thread-2 (_run_event_loop)
2025-07-09 20:47:50,797[src.audio_codecs.audio_codec] - INFO - Audio input stream reinitialized successfully - Thread-1 (_main_loop)
2025-07-09 20:47:51,318[Display] - INFO - Setting emotion GIF: /home/tahmaz/py-xiaozhi/assets/emojis/neutral.gif - MainThread
2025-07-09 20:47:56,281[src.application] - INFO - >> Ne dedi ki? Bu nedir? - Thread-2 (_run_event_loop)
2025-07-09 20:47:56,406[Display] - INFO - Setting emotion GIF: /home/tahmaz/py-xiaozhi/assets/emojis/happy.gif - MainThread
2025-07-09 20:47:56,765[src.application] - INFO - << Üzgünüm, bir hata oldu. - Thread-2 (_run_event_loop)
2025-07-09 20:47:58,451[src.application] - INFO - << \"Fadet\" kelimesiyle eşleşen bir şarkı bulamadım. Belki başka bir kelime deneyebiliriz? - Thread-2 (_run_event_loop)
2025-07-09 20:48:04,233[src.audio_codecs.audio_codec] - INFO - Audio input stream reinitialized successfully - Thread-1 (_main_loop)
2025-07-09 20:48:04,755[Display] - INFO - Setting emotion GIF: /home/tahmaz/py-xiaozhi/assets/emojis/neutral.gif - MainThread
2025-07-09 20:48:15,689[src.application] - INFO - >> Fradet! Fradet! - Thread-2 (_run_event_loop)
2025-07-09 20:48:15,858[src.application] - INFO - << % search_music... - Thread-2 (_run_event_loop)
2025-07-09 20:48:16,166[Display] - INFO - Setting emotion GIF: /home/tahmaz/py-xiaozhi/assets/emojis/thinking.gif - MainThread
2025-07-09 20:48:16,610[src.application] - INFO - << Özür dilerim, - Thread-2 (_run_event_loop)
2025-07-09 20:48:17,381[src.application] - INFO - << \"Fradet\" kelimesiyle eşleşen bir şarkı bulamadım. - Thread-2 (_run_event_loop)
2025-07-09 20:48:20,960[src.application] - INFO - << Belki başka bir kelime veya şarkının tam adını deneyebiliriz? - Thread-2 (_run_event_loop)
2025-07-09 20:48:25,116[src.audio_codecs.audio_codec] - INFO - Audio input stream reinitialized successfully - Thread-1 (_main_loop)
2025-07-09 20:48:25,642[Display] - INFO - Setting emotion GIF: /home/tahmaz/py-xiaozhi/assets/emojis/neutral.gif - MainThread
2025-07-09 20:48:39,825[src.application] - INFO - >> faded - Thread-2 (_run_event_loop)
2025-07-09 20:48:40,014[src.application] - INFO - << % search_music... - Thread-2 (_run_event_loop)
2025-07-09 20:48:40,402[src.application] - INFO - << % play_music... - Thread-2 (_run_event_loop)
2025-07-09 20:48:40,905[src.application] - INFO - << Şarkı başlıyor!  Başka bir şey isteyebilirsiniz. - Thread-2 (_run_event_loop)
2025-07-09 20:48:44,670[src.audio_codecs.audio_codec] - INFO - Audio input stream reinitialized successfully - Thread-1 (_main_loop)
2025-07-09 20:48:49,346[src.application] - INFO - >> Hayır teşekkürler. - Thread-2 (_run_event_loop)
2025-07-09 20:48:49,444[Display] - INFO - Setting emotion GIF: /home/tahmaz/py-xiaozhi/assets/emojis/happy.gif - MainThread
2025-07-09 20:48:49,797[src.application] - INFO - << Anladım, başka bir şey isterseniz ben buradayım. - Thread-2 (_run_event_loop)
2025-07-09 20:48:53,012[src.application] - INFO - << Hazır olduğunuzda bana bildirin! - Thread-2 (_run_event_loop)
2025-07-09 20:48:55,218[src.audio_codecs.audio_codec] - INFO - Audio input stream reinitialized successfully - Thread-1 (_main_loop)
2025-07-09 20:48:55,861[Display] - INFO - Setting emotion GIF: /home/tahmaz/py-xiaozhi/assets/emojis/neutral.gif - MainThread
2025-07-09 20:48:59,034[src.application] - INFO - >> Hızıray! - Thread-2 (_run_event_loop)
2025-07-09 20:48:59,084[Display] - INFO - Setting emotion GIF: /home/tahmaz/py-xiaozhi/assets/emojis/happy.gif - MainThread
2025-07-09 20:48:59,444[src.application] - INFO - << Merhaba! Ne yapabilirim size? - Thread-2 (_run_event_loop)
2025-07-09 20:49:01,133[src.application] - INFO - << Belki bir şarkı oynamak veya hava durumu sormak istersiniz? - Thread-2 (_run_event_loop)
2025-07-09 20:49:05,558[src.audio_codecs.audio_codec] - INFO - Audio input stream reinitialized successfully - Thread-1 (_main_loop)
2025-07-09 20:49:06,080[Display] - INFO - Setting emotion GIF: /home/tahmaz/py-xiaozhi/assets/emojis/neutral.gif - MainThread
2025-07-09 20:49:10,902[src.application] - INFO - >> Fada çarkısını söyler misin? - Thread-2 (_run_event_loop)
2025-07-09 20:49:11,083[src.application] - INFO - << % search_music... - Thread-2 (_run_event_loop)
2025-07-09 20:49:11,500[Display] - INFO - Setting emotion GIF: /home/tahmaz/py-xiaozhi/assets/emojis/thinking.gif - MainThread
2025-07-09 20:49:11,974[src.application] - INFO - << \"Fada\" kelimesiyle eşleşen bir çarkı bulamadım. - Thread-2 (_run_event_loop)
2025-07-09 20:49:15,233[src.application] - INFO - << Belki başka bir kelime veya çarkının tam adını deneyebiliriz? Eğer bir şarkıyı arıyorsanız, - Thread-2 (_run_event_loop)
2025-07-09 20:49:22,037[src.application] - INFO - << o zaman şarkının tam adını belirtir misiniz? - Thread-2 (_run_event_loop)
2025-07-09 20:49:25,423[src.audio_codecs.audio_codec] - INFO - Audio input stream reinitialized successfully - Thread-1 (_main_loop)
2025-07-09 20:49:25,983[Display] - INFO - Setting emotion GIF: /home/tahmaz/py-xiaozhi/assets/emojis/neutral.gif - MainThread
2025-07-09 20:49:26,739[src.application] - INFO - >> faded - Thread-2 (_run_event_loop)
2025-07-09 20:49:26,949[src.application] - INFO - << % play_music... - Thread-2 (_run_event_loop)
2025-07-09 20:49:27,829[src.application] - INFO - << Şarkı başlıyor!  Başka bir şey isteyebilirsiniz. - Thread-2 (_run_event_loop)
2025-07-09 20:49:31,341[src.audio_codecs.audio_codec] - INFO - Audio input stream reinitialized successfully - Thread-1 (_main_loop)
2025-07-09 20:49:36,581[src.application] - INFO - >> Hayır şarkı istiyorum. - Thread-2 (_run_event_loop)
2025-07-09 20:49:36,640[Display] - INFO - Setting emotion GIF: /home/tahmaz/py-xiaozhi/assets/emojis/happy.gif - MainThread
2025-07-09 20:49:37,044[src.application] - INFO - << Anladım, - Thread-2 (_run_event_loop)
2025-07-09 20:49:37,657[src.application] - INFO - << başka bir şarkı istemiyorsanız şunu dinleyebilirsiniz. Başka bir şey isterseniz bana bildirin! - Thread-2 (_run_event_loop)
2025-07-09 20:49:43,533[src.audio_codecs.audio_codec] - INFO - Audio input stream reinitialized successfully - Thread-1 (_main_loop)
2025-07-09 20:49:44,055[Display] - INFO - Setting emotion GIF: /home/tahmaz/py-xiaozhi/assets/emojis/neutral.gif - MainThread
2025-07-09 20:50:03,804[src.application] - INFO - >> Başka bir şey istemiyorum. Fadet şarkısını istiyorum. - Thread-2 (_run_event_loop)
2025-07-09 20:50:04,105[src.application] - INFO - << % search_music... - Thread-2 (_run_event_loop)
2025-07-09 20:50:04,323[Display] - INFO - Setting emotion GIF: /home/tahmaz/py-xiaozhi/assets/emojis/thinking.gif - MainThread
2025-07-09 20:50:04,682[src.application] - INFO - << Özür dilerim, - Thread-2 (_run_event_loop)
2025-07-09 20:50:05,463[src.application] - INFO - << \"Fadet\" kelimesiyle eşleşen bir şarkı bulamadım. - Thread-2 (_run_event_loop)
2025-07-09 20:50:08,587[src.application] - INFO - << Belki başka bir kelime veya şarkının tam adını deneyebiliriz? Eğer başka bir şarkı arıyorsanız, - Thread-2 (_run_event_loop)
2025-07-09 20:50:15,859[src.application] - INFO - << o zaman şarkının tam adını belirtir misiniz? - Thread-2 (_run_event_loop)
2025-07-09 20:50:18,906[src.audio_codecs.audio_codec] - INFO - Audio input stream reinitialized successfully - Thread-1 (_main_loop)
2025-07-09 20:50:19,428[Display] - INFO - Setting emotion GIF: /home/tahmaz/py-xiaozhi/assets/emojis/neutral.gif - MainThread
2025-07-09 20:50:40,907[src.application] - INFO - >> fadet deyil faded - Thread-2 (_run_event_loop)
2025-07-09 20:50:41,147[src.application] - INFO - << % play_music... - Thread-2 (_run_event_loop)
2025-07-09 20:50:41,761[src.application] - INFO - << Şarkı başlıyor!  Başka bir şey isterseniz bana bildirin. - Thread-2 (_run_event_loop)
2025-07-09 20:50:45,109[src.audio_codecs.audio_codec] - INFO - Audio input stream reinitialized successfully - Thread-1 (_main_loop)
2025-07-09 20:50:46,778[src.application] - INFO - >> Gülük ye ya? - Thread-2 (_run_event_loop)
2025-07-09 20:50:46,881[Display] - INFO - Setting emotion GIF: /home/tahmaz/py-xiaozhi/assets/emojis/happy.gif - MainThread
2025-07-09 20:50:47,291[src.application] - INFO - << Üzgünüm, mesajınız net değil. - Thread-2 (_run_event_loop)
2025-07-09 20:50:49,259[src.application] - INFO - << Size nasıl yardımcı olabilirim? Başka bir şarkı veya konu hakkında konuşmak istiyorsanız belirtir misiniz? - Thread-2 (_run_event_loop)
2025-07-09 20:50:56,134[src.audio_codecs.audio_codec] - INFO - Audio input stream reinitialized successfully - Thread-1 (_main_loop)
2025-07-09 20:50:56,656[Display] - INFO - Setting emotion GIF: /home/tahmaz/py-xiaozhi/assets/emojis/neutral.gif - MainThread
2025-07-09 20:51:04,447[src.application] - INFO - >> İzlediğiniz için teşekkür ederim. - Thread-2 (_run_event_loop)
2025-07-09 20:51:04,604[Display] - INFO - Setting emotion GIF: /home/tahmaz/py-xiaozhi/assets/emojis/happy.gif - MainThread
2025-07-09 20:51:05,109[src.application] - INFO - << Rica ederim! Başka birşey isterseniz ben buradayım. Şarkı, - Thread-2 (_run_event_loop)
2025-07-09 20:51:08,967[src.application] - INFO - << hava durumu veya başka bir konu hakkında konuşmak isterseniz sormaktan çekinmeyin. - Thread-2 (_run_event_loop)
2025-07-09 20:51:14,652[src.audio_codecs.audio_codec] - INFO - Audio input stream reinitialized successfully - Thread-1 (_main_loop)
2025-07-09 20:51:15,175[Display] - INFO - Setting emotion GIF: /home/tahmaz/py-xiaozhi/assets/emojis/neutral.gif - MainThread
2025-07-09 20:51:19,707[src.application] - INFO - >> Ne? Ne? Ne? - Thread-2 (_run_event_loop)
2025-07-09 20:51:20,029[Display] - INFO - Setting emotion GIF: /home/tahmaz/py-xiaozhi/assets/emojis/happy.gif - MainThread
2025-07-09 20:51:20,161[src.application] - INFO - << Sorularınızı duydum, - Thread-2 (_run_event_loop)
2025-07-09 20:51:21,307[src.application] - INFO - << ancak tam olarak ne hakkında bilgi istediğinizi anlayamadım. Şarkı, - Thread-2 (_run_event_loop)
2025-07-09 20:51:26,305[src.application] - INFO - << hava durumu veya başka bir konu hakkında konuşmak istiyorsanız lütfen belirtin. Size nasıl yardımcı olabilirim? - Thread-2 (_run_event_loop)
2025-07-09 20:51:33,087[src.audio_codecs.audio_codec] - INFO - Audio input stream reinitialized successfully - Thread-1 (_main_loop)
2025-07-09 20:51:33,671[Display] - INFO - Setting emotion GIF: /home/tahmaz/py-xiaozhi/assets/emojis/neutral.gif - MainThread
2025-07-09 20:51:36,219[src.application] - INFO - >> Ne? Ne? - Thread-2 (_run_event_loop)
2025-07-09 20:51:36,325[Display] - INFO - Setting emotion GIF: /home/tahmaz/py-xiaozhi/assets/emojis/happy.gif - MainThread
2025-07-09 20:51:36,669[src.application] - INFO - << Merhaba! Size nasıl yardımcı olabilirim? Belirttiğiniz "Ne? - Thread-2 (_run_event_loop)
2025-07-09 20:51:40,847[src.application] - INFO - << Ne?" ifadesi tam olarak hangi konuyu kastediyor olabilir? - Thread-2 (_run_event_loop)
2025-07-09 20:51:44,103[__main__] - INFO - Received interrupt signal, shutting down... - MainThread
2025-07-09 20:51:44,103[src.application] - INFO - Shutting down application... - MainThread
2025-07-09 20:51:44,103[src.audio_codecs.audio_codec] - INFO - Starting to close audio codec... - MainThread
2025-07-09 20:51:44,104[src.audio_codecs.audio_codec] - INFO - Cleared audio queue, discarded 3 audio frames - MainThread
2025-07-09 20:51:44,110[src.audio_codecs.audio_codec] - INFO - Audio resources fully released - MainThread
2025-07-09 20:51:44,110[src.application] - INFO - Application shut down - MainThread
